{"name": "test_div[36-6-4]", "status": "failed", "statusDetails": {"message": "AssertionError: assert 6.0 == 4\n +  where 6.0 = <bound method Calc.div of <test_pytest.core.calc.Calc object at 0x0000022CECEEAE50>>(36, 6)\n +    where <bound method Calc.div of <test_pytest.core.calc.Calc object at 0x0000022CECEEAE50>> = <test_pytest.core.calc.Calc object at 0x0000022CECEEAE50>.div\n +      where <test_pytest.core.calc.Calc object at 0x0000022CECEEAE50> = <test_pytest.tests.test_calc.TestCalc object at 0x0000022CECEEA0D0>.calc", "trace": "self = <test_pytest.tests.test_calc.TestCalc object at 0x0000022CECEEA0D0>, d = 36, e = 6, f = 4\n\n    @pytest.mark.parametrize('d,e,f',[\n        [4,2,2],\n        [0.2,0.1,2],\n        [36,6,4]\n    \n    ])\n    def test_div(self,d,e,f):\n        # with pytest.raises(Exception):\n>       assert self.calc.div(d,e) == f\nE       assert 6.0 == 4\nE        +  where 6.0 = <bound method Calc.div of <test_pytest.core.calc.Calc object at 0x0000022CECEEAE50>>(36, 6)\nE        +    where <bound method Calc.div of <test_pytest.core.calc.Calc object at 0x0000022CECEEAE50>> = <test_pytest.core.calc.Calc object at 0x0000022CECEEAE50>.div\nE        +      where <test_pytest.core.calc.Calc object at 0x0000022CECEEAE50> = <test_pytest.tests.test_calc.TestCalc object at 0x0000022CECEEA0D0>.calc\n\ntest_pytest\\tests\\test_calc.py:30: AssertionError"}, "parameters": [{"name": "d", "value": "36"}, {"name": "e", "value": "6"}, {"name": "f", "value": "4"}], "start": 1603894327568, "stop": 1603894327569, "uuid": "2182267c-ba7b-4d1f-87fe-e35b145ecf02", "historyId": "ce1c36a8d4b0db03f96463a0d61a9058", "testCaseId": "1a57010a879eec008bddd8a1a895d57d", "fullName": "test_pytest.tests.test_calc.TestCalc#test_div", "labels": [{"name": "parentSuite", "value": "test_pytest.tests"}, {"name": "suite", "value": "test_calc"}, {"name": "subSuite", "value": "TestCalc"}, {"name": "host", "value": "nb2-hz20113336"}, {"name": "thread", "value": "11552-MainThread"}, {"name": "framework", "value": "pytest"}, {"name": "language", "value": "cpython3"}, {"name": "package", "value": "test_pytest.tests.test_calc"}]}